"C:\Program Files\Java\jdk-22\bin\java.exe" -Dmaven.multiModuleProjectDirectory=C:\Users\nikma\IdeaProjects\ForHW2 -Djansi.passthrough=true "-Dmaven.home=C:\Intellij IDEA\IntelliJ IDEA Community Edition 2024.3.3\plugins\maven\lib\maven3" "-Dclassworlds.conf=C:\Intellij IDEA\IntelliJ IDEA Community Edition 2024.3.3\plugins\maven\lib\maven3\bin\m2.conf" "-Dmaven.ext.class.path=C:\Intellij IDEA\IntelliJ IDEA Community Edition 2024.3.3\plugins\maven\lib\maven-event-listener.jar" "-javaagent:C:\Intellij IDEA\IntelliJ IDEA Community Edition 2024.3.3\lib\idea_rt.jar=62701:C:\Intellij IDEA\IntelliJ IDEA Community Edition 2024.3.3\bin" -Dfile.encoding=UTF-8 -Dsun.stdout.encoding=UTF-8 -Dsun.stderr.encoding=UTF-8 -classpath "C:\Intellij IDEA\IntelliJ IDEA Community Edition 2024.3.3\plugins\maven\lib\maven3\boot\plexus-classworlds-2.8.0.jar;C:\Intellij IDEA\IntelliJ IDEA Community Edition 2024.3.3\plugins\maven\lib\maven3\boot\plexus-classworlds.license" org.codehaus.classworlds.Launcher -Didea.version=2024.3.3 compile
[INFO] Scanning for projects...
[INFO] 
[INFO] -------------------------< org.example:ForHW2 >-------------------------
[INFO] Building ForHW2 1.0-SNAPSHOT
[INFO]   from pom.xml
[INFO] --------------------------------[ jar ]---------------------------------
[INFO] 
[INFO] --- resources:3.3.1:resources (default-resources) @ ForHW2 ---
[INFO] Copying 0 resource from src\main\resources to target\classes
[INFO] 
[INFO] --- compiler:3.13.0:compile (default-compile) @ ForHW2 ---
[INFO] Recompiling the module because of changed source code.
[INFO] Compiling 1 source file with javac [debug target 22] to target\classes
[INFO] ------------------------------------------------------------------------
[INFO] BUILD SUCCESS
[INFO] ------------------------------------------------------------------------
[INFO] Total time:  1.192 s
[INFO] Finished at: 2025-02-25T00:28:41+03:00
[INFO] ------------------------------------------------------------------------

Process finished with exit code 0